[2025-07-07T17:51:52.751+0100] {local_task_job_runner.py:120} INFO - ::group::Pre task execution logs
[2025-07-07T17:51:52.764+0100] {taskinstance.py:2076} INFO - Dependencies all met for dep_context=non-requeueable deps ti=<TaskInstance: interviewgraphs_process_youtube_data.map_category_names manual__2025-07-07T16:51:42.159432+00:00 [queued]>
[2025-07-07T17:51:52.770+0100] {taskinstance.py:2076} INFO - Dependencies all met for dep_context=requeueable deps ti=<TaskInstance: interviewgraphs_process_youtube_data.map_category_names manual__2025-07-07T16:51:42.159432+00:00 [queued]>
[2025-07-07T17:51:52.770+0100] {taskinstance.py:2306} INFO - Starting attempt 1 of 1
[2025-07-07T17:51:52.779+0100] {taskinstance.py:2330} INFO - Executing <Task(PythonOperator): map_category_names> on 2025-07-07 16:51:42.159432+00:00
[2025-07-07T17:51:52.781+0100] {standard_task_runner.py:64} INFO - Started process 5443 to run task
[2025-07-07T17:51:52.784+0100] {standard_task_runner.py:90} INFO - Running: ['airflow', 'tasks', 'run', 'interviewgraphs_process_youtube_data', 'map_category_names', 'manual__2025-07-07T16:51:42.159432+00:00', '--job-id', '224', '--raw', '--subdir', 'DAGS_FOLDER/interview_graphs.py', '--cfg-path', '/tmp/tmpivwnmbbd']
[2025-07-07T17:51:52.785+0100] {standard_task_runner.py:91} INFO - Job 224: Subtask map_category_names
[2025-07-07T17:51:52.821+0100] {task_command.py:426} INFO - Running <TaskInstance: interviewgraphs_process_youtube_data.map_category_names manual__2025-07-07T16:51:42.159432+00:00 [running]> on host donald-VirtualBox
[2025-07-07T17:51:52.879+0100] {taskinstance.py:2648} INFO - Exporting env vars: AIRFLOW_CTX_DAG_OWNER='airflow' AIRFLOW_CTX_DAG_ID='interviewgraphs_process_youtube_data' AIRFLOW_CTX_TASK_ID='map_category_names' AIRFLOW_CTX_EXECUTION_DATE='2025-07-07T16:51:42.159432+00:00' AIRFLOW_CTX_TRY_NUMBER='1' AIRFLOW_CTX_DAG_RUN_ID='manual__2025-07-07T16:51:42.159432+00:00'
[2025-07-07T17:51:52.880+0100] {taskinstance.py:430} INFO - ::endgroup::
[2025-07-07T17:51:53.046+0100] {logging_mixin.py:188} WARNING - /home/donald/airflow/dags/interview_graphs.py:166 FutureWarning: Passing literal json to 'read_json' is deprecated and will be removed in a future version. To read from a literal string, wrap it in a 'StringIO' object.
[2025-07-07T17:51:53.175+0100] {taskinstance.py:441} INFO - ::group::Post task execution logs
[2025-07-07T17:51:53.176+0100] {taskinstance.py:2905} ERROR - Task failed with exception
Traceback (most recent call last):
  File "/home/donald/airflow/.venv/lib/python3.11/site-packages/airflow/models/taskinstance.py", line 465, in _execute_task
    result = _execute_callable(context=context, **execute_callable_kwargs)
             ^^^^^^^^^^^^^^^^^^^^^^^^^^^^^^^^^^^^^^^^^^^^^^^^^^^^^^^^^^^^^
  File "/home/donald/airflow/.venv/lib/python3.11/site-packages/airflow/models/taskinstance.py", line 432, in _execute_callable
    return execute_callable(context=context, **execute_callable_kwargs)
           ^^^^^^^^^^^^^^^^^^^^^^^^^^^^^^^^^^^^^^^^^^^^^^^^^^^^^^^^^^^^
  File "/home/donald/airflow/.venv/lib/python3.11/site-packages/airflow/models/baseoperator.py", line 401, in wrapper
    return func(self, *args, **kwargs)
           ^^^^^^^^^^^^^^^^^^^^^^^^^^^
  File "/home/donald/airflow/.venv/lib/python3.11/site-packages/airflow/operators/python.py", line 235, in execute
    return_value = self.execute_callable()
                   ^^^^^^^^^^^^^^^^^^^^^^^
  File "/home/donald/airflow/.venv/lib/python3.11/site-packages/airflow/operators/python.py", line 252, in execute_callable
    return self.python_callable(*self.op_args, **self.op_kwargs)
           ^^^^^^^^^^^^^^^^^^^^^^^^^^^^^^^^^^^^^^^^^^^^^^^^^^^^^
  File "/home/donald/airflow/dags/interview_graphs.py", line 172, in map_category_names
    os.makedirs(os.path.dirname(save_path), exist_ok=True)
  File "<frozen os>", line 215, in makedirs
  File "<frozen os>", line 215, in makedirs
  File "<frozen os>", line 215, in makedirs
  File "<frozen os>", line 225, in makedirs
PermissionError: [Errno 13] Permission denied: '/home/airflow'
[2025-07-07T17:51:53.184+0100] {taskinstance.py:1206} INFO - Marking task as FAILED. dag_id=interviewgraphs_process_youtube_data, task_id=map_category_names, run_id=manual__2025-07-07T16:51:42.159432+00:00, execution_date=20250707T165142, start_date=20250707T165152, end_date=20250707T165153
[2025-07-07T17:51:53.195+0100] {standard_task_runner.py:110} ERROR - Failed to execute job 224 for task map_category_names ([Errno 13] Permission denied: '/home/airflow'; 5443)
[2025-07-07T17:51:53.202+0100] {local_task_job_runner.py:243} INFO - Task exited with return code 1
[2025-07-07T17:51:53.218+0100] {taskinstance.py:3503} INFO - 0 downstream tasks scheduled from follow-on schedule check
[2025-07-07T17:51:53.221+0100] {local_task_job_runner.py:222} INFO - ::endgroup::
