[2025-07-07T18:27:56.286+0100] {local_task_job_runner.py:120} INFO - ::group::Pre task execution logs
[2025-07-07T18:27:56.309+0100] {taskinstance.py:2076} INFO - Dependencies all met for dep_context=non-requeueable deps ti=<TaskInstance: interviewgraphs_process_youtube_data.load_from_local manual__2025-07-07T17:27:43.853410+00:00 [queued]>
[2025-07-07T18:27:56.316+0100] {taskinstance.py:2076} INFO - Dependencies all met for dep_context=requeueable deps ti=<TaskInstance: interviewgraphs_process_youtube_data.load_from_local manual__2025-07-07T17:27:43.853410+00:00 [queued]>
[2025-07-07T18:27:56.316+0100] {taskinstance.py:2306} INFO - Starting attempt 1 of 1
[2025-07-07T18:27:56.327+0100] {taskinstance.py:2330} INFO - Executing <Task(PythonOperator): load_from_local> on 2025-07-07 17:27:43.853410+00:00
[2025-07-07T18:27:56.330+0100] {standard_task_runner.py:64} INFO - Started process 10415 to run task
[2025-07-07T18:27:56.333+0100] {standard_task_runner.py:90} INFO - Running: ['airflow', 'tasks', 'run', 'interviewgraphs_process_youtube_data', 'load_from_local', 'manual__2025-07-07T17:27:43.853410+00:00', '--job-id', '232', '--raw', '--subdir', 'DAGS_FOLDER/interview_graphs.py', '--cfg-path', '/tmp/tmpvtxr_mx8']
[2025-07-07T18:27:56.334+0100] {standard_task_runner.py:91} INFO - Job 232: Subtask load_from_local
[2025-07-07T18:27:56.379+0100] {task_command.py:426} INFO - Running <TaskInstance: interviewgraphs_process_youtube_data.load_from_local manual__2025-07-07T17:27:43.853410+00:00 [running]> on host donald-VirtualBox
[2025-07-07T18:27:56.448+0100] {taskinstance.py:2648} INFO - Exporting env vars: AIRFLOW_CTX_DAG_OWNER='airflow' AIRFLOW_CTX_DAG_ID='interviewgraphs_process_youtube_data' AIRFLOW_CTX_TASK_ID='load_from_local' AIRFLOW_CTX_EXECUTION_DATE='2025-07-07T17:27:43.853410+00:00' AIRFLOW_CTX_TRY_NUMBER='1' AIRFLOW_CTX_DAG_RUN_ID='manual__2025-07-07T17:27:43.853410+00:00'
[2025-07-07T18:27:56.449+0100] {taskinstance.py:430} INFO - ::endgroup::
[2025-07-07T18:27:56.592+0100] {logging_mixin.py:188} WARNING - /home/donald/airflow/dags/utils/graphing.py:23 FutureWarning: 

Passing `palette` without assigning `hue` is deprecated and will be removed in v0.14.0. Assign the `x` variable to `hue` and set `legend=False` for the same effect.
[2025-07-07T18:27:56.736+0100] {logging_mixin.py:188} INFO - Plot saved to /home/donald/airflow/plots/top_categories_views.png
[2025-07-07T18:27:56.747+0100] {logging_mixin.py:188} WARNING - /home/donald/airflow/dags/utils/graphing.py:58 FutureWarning: 

Passing `palette` without assigning `hue` is deprecated and will be removed in v0.14.0. Assign the `y` variable to `hue` and set `legend=False` for the same effect.
[2025-07-07T18:27:56.849+0100] {logging_mixin.py:188} INFO - Plot saved to /home/donald/airflow/plots/top10_channels.png
[2025-07-07T18:27:56.850+0100] {interview_graphs.py:223} INFO - Loaded enriched video data preview from /home/donald/airflow/plots/enriched_videos.csv:
+-------------+-----------------+------------------------------------------------------------------------------+----------------------------+---------------+---------------------------+----------+---------+------------+-----------------+-----------------+
| video_id    | trending_date   | title                                                                        | channel_title              |   category_id | publish_time              |    views |   likes |   dislikes |   comment_count | category_name   |
+=============+=================+==============================================================================+============================+===============+===========================+==========+=========+============+=================+=================+
| Jw1Y-zhQURU | 17.14.11        | John Lewis Christmas Ad 2017 - #MozTheMonster                                | John Lewis                 |            26 | 2017-11-10 07:38:29+00:00 |  7224515 |   55681 |      10247 |            9479 | Howto & Style   |
+-------------+-----------------+------------------------------------------------------------------------------+----------------------------+---------------+---------------------------+----------+---------+------------+-----------------+-----------------+
| 3s1rvMFUweQ | 17.14.11        | Taylor Swift: …Ready for It? (Live) - SNL                                    | Saturday Night Live        |            24 | 2017-11-12 06:24:44+00:00 |  1053632 |   25561 |       2294 |            2757 | Entertainment   |
+-------------+-----------------+------------------------------------------------------------------------------+----------------------------+---------------+---------------------------+----------+---------+------------+-----------------+-----------------+
| n1WpP7iowLc | 17.14.11        | Eminem - Walk On Water (Audio) ft. Beyoncé                                   | EminemVEVO                 |            10 | 2017-11-10 17:00:03+00:00 | 17158579 |  787420 |      43420 |          125882 | Music           |
+-------------+-----------------+------------------------------------------------------------------------------+----------------------------+---------------+---------------------------+----------+---------+------------+-----------------+-----------------+
| PUTEiSjKwJU | 17.14.11        | Goals from Salford City vs Class of 92 and Friends at The Peninsula Stadium! | Salford City Football Club |            17 | 2017-11-13 02:30:38+00:00 |    27833 |     193 |         12 |              37 | Sports          |
+-------------+-----------------+------------------------------------------------------------------------------+----------------------------+---------------+---------------------------+----------+---------+------------+-----------------+-----------------+
| rHwDegptbI4 | 17.14.11        | Dashcam captures truck's near miss with child in Norway                      | Cute Girl Videos           |            25 | 2017-11-13 01:45:13+00:00 |     9815 |      30 |          2 |              30 | News & Politics |
+-------------+-----------------+------------------------------------------------------------------------------+----------------------------+---------------+---------------------------+----------+---------+------------+-----------------+-----------------+
[2025-07-07T18:27:56.851+0100] {python.py:237} INFO - Done. Returned value was: None
[2025-07-07T18:27:56.851+0100] {taskinstance.py:441} INFO - ::group::Post task execution logs
[2025-07-07T18:27:56.860+0100] {taskinstance.py:1206} INFO - Marking task as SUCCESS. dag_id=interviewgraphs_process_youtube_data, task_id=load_from_local, run_id=manual__2025-07-07T17:27:43.853410+00:00, execution_date=20250707T172743, start_date=20250707T172756, end_date=20250707T172756
[2025-07-07T18:27:56.905+0100] {local_task_job_runner.py:243} INFO - Task exited with return code 0
[2025-07-07T18:27:56.923+0100] {taskinstance.py:3503} INFO - 0 downstream tasks scheduled from follow-on schedule check
[2025-07-07T18:27:56.925+0100] {local_task_job_runner.py:222} INFO - ::endgroup::
