[2025-07-07T17:20:34.238+0100] {local_task_job_runner.py:120} INFO - ::group::Pre task execution logs
[2025-07-07T17:20:34.259+0100] {taskinstance.py:2076} INFO - Dependencies all met for dep_context=non-requeueable deps ti=<TaskInstance: interviewgraphs_process_youtube_data.load_json manual__2025-07-07T16:20:22.056499+00:00 [queued]>
[2025-07-07T17:20:34.269+0100] {taskinstance.py:2076} INFO - Dependencies all met for dep_context=requeueable deps ti=<TaskInstance: interviewgraphs_process_youtube_data.load_json manual__2025-07-07T16:20:22.056499+00:00 [queued]>
[2025-07-07T17:20:34.269+0100] {taskinstance.py:2306} INFO - Starting attempt 1 of 1
[2025-07-07T17:20:34.282+0100] {taskinstance.py:2330} INFO - Executing <Task(PythonOperator): load_json> on 2025-07-07 16:20:22.056499+00:00
[2025-07-07T17:20:34.285+0100] {standard_task_runner.py:64} INFO - Started process 22716 to run task
[2025-07-07T17:20:34.289+0100] {standard_task_runner.py:90} INFO - Running: ['airflow', 'tasks', 'run', 'interviewgraphs_process_youtube_data', 'load_json', 'manual__2025-07-07T16:20:22.056499+00:00', '--job-id', '154', '--raw', '--subdir', 'DAGS_FOLDER/interview_graphs.py', '--cfg-path', '/tmp/tmpmmt4tgma']
[2025-07-07T17:20:34.289+0100] {standard_task_runner.py:91} INFO - Job 154: Subtask load_json
[2025-07-07T17:20:34.345+0100] {task_command.py:426} INFO - Running <TaskInstance: interviewgraphs_process_youtube_data.load_json manual__2025-07-07T16:20:22.056499+00:00 [running]> on host donald-VirtualBox
[2025-07-07T17:20:34.439+0100] {taskinstance.py:2648} INFO - Exporting env vars: AIRFLOW_CTX_DAG_OWNER='airflow' AIRFLOW_CTX_DAG_ID='interviewgraphs_process_youtube_data' AIRFLOW_CTX_TASK_ID='load_json' AIRFLOW_CTX_EXECUTION_DATE='2025-07-07T16:20:22.056499+00:00' AIRFLOW_CTX_TRY_NUMBER='1' AIRFLOW_CTX_DAG_RUN_ID='manual__2025-07-07T16:20:22.056499+00:00'
[2025-07-07T17:20:34.440+0100] {taskinstance.py:430} INFO - ::endgroup::
[2025-07-07T17:20:34.455+0100] {interview_graphs.py:122} INFO - 
+---------------+----------------------+
|   category_id | category_name        |
+===============+======================+
|             1 | Film & Animation     |
+---------------+----------------------+
|             2 | Autos & Vehicles     |
+---------------+----------------------+
|            10 | Music                |
+---------------+----------------------+
|            15 | Pets & Animals       |
+---------------+----------------------+
|            17 | Sports               |
+---------------+----------------------+
|            18 | Short Movies         |
+---------------+----------------------+
|            19 | Travel & Events      |
+---------------+----------------------+
|            20 | Gaming               |
+---------------+----------------------+
|            21 | Videoblogging        |
+---------------+----------------------+
|            22 | People & Blogs       |
+---------------+----------------------+
|            23 | Comedy               |
+---------------+----------------------+
|            24 | Entertainment        |
+---------------+----------------------+
|            25 | News & Politics      |
+---------------+----------------------+
|            26 | Howto & Style        |
+---------------+----------------------+
|            27 | Education            |
+---------------+----------------------+
|            28 | Science & Technology |
+---------------+----------------------+
|            30 | Movies               |
+---------------+----------------------+
|            31 | Anime/Animation      |
+---------------+----------------------+
|            32 | Action/Adventure     |
+---------------+----------------------+
|            33 | Classics             |
+---------------+----------------------+
|            34 | Comedy               |
+---------------+----------------------+
|            35 | Documentary          |
+---------------+----------------------+
|            36 | Drama                |
+---------------+----------------------+
|            37 | Family               |
+---------------+----------------------+
|            38 | Foreign              |
+---------------+----------------------+
|            39 | Horror               |
+---------------+----------------------+
|            40 | Sci-Fi/Fantasy       |
+---------------+----------------------+
|            41 | Thriller             |
+---------------+----------------------+
|            42 | Shorts               |
+---------------+----------------------+
|            43 | Shows                |
+---------------+----------------------+
|            44 | Trailers             |
+---------------+----------------------+
[2025-07-07T17:20:34.472+0100] {python.py:237} INFO - Done. Returned value was: None
[2025-07-07T17:20:34.472+0100] {taskinstance.py:441} INFO - ::group::Post task execution logs
[2025-07-07T17:20:34.483+0100] {taskinstance.py:1206} INFO - Marking task as SUCCESS. dag_id=interviewgraphs_process_youtube_data, task_id=load_json, run_id=manual__2025-07-07T16:20:22.056499+00:00, execution_date=20250707T162022, start_date=20250707T162034, end_date=20250707T162034
[2025-07-07T17:20:34.505+0100] {local_task_job_runner.py:243} INFO - Task exited with return code 0
[2025-07-07T17:20:34.538+0100] {taskinstance.py:3503} INFO - 1 downstream tasks scheduled from follow-on schedule check
[2025-07-07T17:20:34.540+0100] {local_task_job_runner.py:222} INFO - ::endgroup::
