[2025-07-07T18:27:52.741+0100] {local_task_job_runner.py:120} INFO - ::group::Pre task execution logs
[2025-07-07T18:27:52.756+0100] {taskinstance.py:2076} INFO - Dependencies all met for dep_context=non-requeueable deps ti=<TaskInstance: interviewgraphs_process_youtube_data.map_category_names manual__2025-07-07T17:27:43.853410+00:00 [queued]>
[2025-07-07T18:27:52.763+0100] {taskinstance.py:2076} INFO - Dependencies all met for dep_context=requeueable deps ti=<TaskInstance: interviewgraphs_process_youtube_data.map_category_names manual__2025-07-07T17:27:43.853410+00:00 [queued]>
[2025-07-07T18:27:52.764+0100] {taskinstance.py:2306} INFO - Starting attempt 1 of 1
[2025-07-07T18:27:52.775+0100] {taskinstance.py:2330} INFO - Executing <Task(PythonOperator): map_category_names> on 2025-07-07 17:27:43.853410+00:00
[2025-07-07T18:27:52.779+0100] {standard_task_runner.py:64} INFO - Started process 10388 to run task
[2025-07-07T18:27:52.781+0100] {standard_task_runner.py:90} INFO - Running: ['airflow', 'tasks', 'run', 'interviewgraphs_process_youtube_data', 'map_category_names', 'manual__2025-07-07T17:27:43.853410+00:00', '--job-id', '231', '--raw', '--subdir', 'DAGS_FOLDER/interview_graphs.py', '--cfg-path', '/tmp/tmp64jvck5k']
[2025-07-07T18:27:52.782+0100] {standard_task_runner.py:91} INFO - Job 231: Subtask map_category_names
[2025-07-07T18:27:52.834+0100] {task_command.py:426} INFO - Running <TaskInstance: interviewgraphs_process_youtube_data.map_category_names manual__2025-07-07T17:27:43.853410+00:00 [running]> on host donald-VirtualBox
[2025-07-07T18:27:52.915+0100] {taskinstance.py:2648} INFO - Exporting env vars: AIRFLOW_CTX_DAG_OWNER='airflow' AIRFLOW_CTX_DAG_ID='interviewgraphs_process_youtube_data' AIRFLOW_CTX_TASK_ID='map_category_names' AIRFLOW_CTX_EXECUTION_DATE='2025-07-07T17:27:43.853410+00:00' AIRFLOW_CTX_TRY_NUMBER='1' AIRFLOW_CTX_DAG_RUN_ID='manual__2025-07-07T17:27:43.853410+00:00'
[2025-07-07T18:27:52.916+0100] {taskinstance.py:430} INFO - ::endgroup::
[2025-07-07T18:27:53.098+0100] {logging_mixin.py:188} WARNING - /home/donald/airflow/dags/interview_graphs.py:166 FutureWarning: Passing literal json to 'read_json' is deprecated and will be removed in a future version. To read from a literal string, wrap it in a 'StringIO' object.
[2025-07-07T18:27:53.434+0100] {interview_graphs.py:176} INFO - Saved enriched video data to /home/donald/airflow/plots/enriched_videos.csv
[2025-07-07T18:27:53.459+0100] {interview_graphs.py:181} INFO - 
+-------------+-----------------+------------------------------------------------------------------------------+----------------------------+---------------+---------------------------+----------+---------+------------+-----------------+-----------------+
| video_id    | trending_date   | title                                                                        | channel_title              |   category_id | publish_time              |    views |   likes |   dislikes |   comment_count | category_name   |
+=============+=================+==============================================================================+============================+===============+===========================+==========+=========+============+=================+=================+
| Jw1Y-zhQURU | 17.14.11        | John Lewis Christmas Ad 2017 - #MozTheMonster                                | John Lewis                 |            26 | 2017-11-10 07:38:29+00:00 |  7224515 |   55681 |      10247 |            9479 | Howto & Style   |
+-------------+-----------------+------------------------------------------------------------------------------+----------------------------+---------------+---------------------------+----------+---------+------------+-----------------+-----------------+
| 3s1rvMFUweQ | 17.14.11        | Taylor Swift: …Ready for It? (Live) - SNL                                    | Saturday Night Live        |            24 | 2017-11-12 06:24:44+00:00 |  1053632 |   25561 |       2294 |            2757 | Entertainment   |
+-------------+-----------------+------------------------------------------------------------------------------+----------------------------+---------------+---------------------------+----------+---------+------------+-----------------+-----------------+
| n1WpP7iowLc | 17.14.11        | Eminem - Walk On Water (Audio) ft. Beyoncé                                   | EminemVEVO                 |            10 | 2017-11-10 17:00:03+00:00 | 17158579 |  787420 |      43420 |          125882 | Music           |
+-------------+-----------------+------------------------------------------------------------------------------+----------------------------+---------------+---------------------------+----------+---------+------------+-----------------+-----------------+
| PUTEiSjKwJU | 17.14.11        | Goals from Salford City vs Class of 92 and Friends at The Peninsula Stadium! | Salford City Football Club |            17 | 2017-11-13 02:30:38+00:00 |    27833 |     193 |         12 |              37 | Sports          |
+-------------+-----------------+------------------------------------------------------------------------------+----------------------------+---------------+---------------------------+----------+---------+------------+-----------------+-----------------+
| rHwDegptbI4 | 17.14.11        | Dashcam captures truck's near miss with child in Norway                      | Cute Girl Videos           |            25 | 2017-11-13 01:45:13+00:00 |     9815 |      30 |          2 |              30 | News & Politics |
+-------------+-----------------+------------------------------------------------------------------------------+----------------------------+---------------+---------------------------+----------+---------+------------+-----------------+-----------------+
[2025-07-07T18:27:53.465+0100] {python.py:237} INFO - Done. Returned value was: None
[2025-07-07T18:27:53.465+0100] {taskinstance.py:441} INFO - ::group::Post task execution logs
[2025-07-07T18:27:53.477+0100] {taskinstance.py:1206} INFO - Marking task as SUCCESS. dag_id=interviewgraphs_process_youtube_data, task_id=map_category_names, run_id=manual__2025-07-07T17:27:43.853410+00:00, execution_date=20250707T172743, start_date=20250707T172752, end_date=20250707T172753
[2025-07-07T18:27:53.535+0100] {local_task_job_runner.py:243} INFO - Task exited with return code 0
[2025-07-07T18:27:53.552+0100] {taskinstance.py:3503} INFO - 1 downstream tasks scheduled from follow-on schedule check
[2025-07-07T18:27:53.555+0100] {local_task_job_runner.py:222} INFO - ::endgroup::
