[2025-07-07T17:20:37.817+0100] {local_task_job_runner.py:120} INFO - ::group::Pre task execution logs
[2025-07-07T17:20:37.836+0100] {taskinstance.py:2076} INFO - Dependencies all met for dep_context=non-requeueable deps ti=<TaskInstance: interviewgraphs_process_youtube_data.map_category_names manual__2025-07-07T16:20:22.056499+00:00 [queued]>
[2025-07-07T17:20:37.844+0100] {taskinstance.py:2076} INFO - Dependencies all met for dep_context=requeueable deps ti=<TaskInstance: interviewgraphs_process_youtube_data.map_category_names manual__2025-07-07T16:20:22.056499+00:00 [queued]>
[2025-07-07T17:20:37.845+0100] {taskinstance.py:2306} INFO - Starting attempt 1 of 1
[2025-07-07T17:20:37.859+0100] {taskinstance.py:2330} INFO - Executing <Task(PythonOperator): map_category_names> on 2025-07-07 16:20:22.056499+00:00
[2025-07-07T17:20:37.864+0100] {standard_task_runner.py:64} INFO - Started process 22742 to run task
[2025-07-07T17:20:37.868+0100] {standard_task_runner.py:90} INFO - Running: ['airflow', 'tasks', 'run', 'interviewgraphs_process_youtube_data', 'map_category_names', 'manual__2025-07-07T16:20:22.056499+00:00', '--job-id', '155', '--raw', '--subdir', 'DAGS_FOLDER/interview_graphs.py', '--cfg-path', '/tmp/tmpsy5vk6f3']
[2025-07-07T17:20:37.869+0100] {standard_task_runner.py:91} INFO - Job 155: Subtask map_category_names
[2025-07-07T17:20:37.925+0100] {task_command.py:426} INFO - Running <TaskInstance: interviewgraphs_process_youtube_data.map_category_names manual__2025-07-07T16:20:22.056499+00:00 [running]> on host donald-VirtualBox
[2025-07-07T17:20:38.014+0100] {taskinstance.py:2648} INFO - Exporting env vars: AIRFLOW_CTX_DAG_OWNER='airflow' AIRFLOW_CTX_DAG_ID='interviewgraphs_process_youtube_data' AIRFLOW_CTX_TASK_ID='map_category_names' AIRFLOW_CTX_EXECUTION_DATE='2025-07-07T16:20:22.056499+00:00' AIRFLOW_CTX_TRY_NUMBER='1' AIRFLOW_CTX_DAG_RUN_ID='manual__2025-07-07T16:20:22.056499+00:00'
[2025-07-07T17:20:38.015+0100] {taskinstance.py:430} INFO - ::endgroup::
[2025-07-07T17:20:38.223+0100] {logging_mixin.py:188} WARNING - /home/donald/airflow/dags/interview_graphs.py:166 FutureWarning: Passing literal json to 'read_json' is deprecated and will be removed in a future version. To read from a literal string, wrap it in a 'StringIO' object.
[2025-07-07T17:20:38.407+0100] {taskinstance.py:441} INFO - ::group::Post task execution logs
[2025-07-07T17:20:38.408+0100] {taskinstance.py:2905} ERROR - Task failed with exception
Traceback (most recent call last):
  File "/home/donald/Documents/Tutorials/ResponseMediaTest/.venv/lib/python3.11/site-packages/airflow/models/taskinstance.py", line 465, in _execute_task
    result = _execute_callable(context=context, **execute_callable_kwargs)
             ^^^^^^^^^^^^^^^^^^^^^^^^^^^^^^^^^^^^^^^^^^^^^^^^^^^^^^^^^^^^^
  File "/home/donald/Documents/Tutorials/ResponseMediaTest/.venv/lib/python3.11/site-packages/airflow/models/taskinstance.py", line 432, in _execute_callable
    return execute_callable(context=context, **execute_callable_kwargs)
           ^^^^^^^^^^^^^^^^^^^^^^^^^^^^^^^^^^^^^^^^^^^^^^^^^^^^^^^^^^^^
  File "/home/donald/Documents/Tutorials/ResponseMediaTest/.venv/lib/python3.11/site-packages/airflow/models/baseoperator.py", line 401, in wrapper
    return func(self, *args, **kwargs)
           ^^^^^^^^^^^^^^^^^^^^^^^^^^^
  File "/home/donald/Documents/Tutorials/ResponseMediaTest/.venv/lib/python3.11/site-packages/airflow/operators/python.py", line 235, in execute
    return_value = self.execute_callable()
                   ^^^^^^^^^^^^^^^^^^^^^^^
  File "/home/donald/Documents/Tutorials/ResponseMediaTest/.venv/lib/python3.11/site-packages/airflow/operators/python.py", line 252, in execute_callable
    return self.python_callable(*self.op_args, **self.op_kwargs)
           ^^^^^^^^^^^^^^^^^^^^^^^^^^^^^^^^^^^^^^^^^^^^^^^^^^^^^
  File "/home/donald/airflow/dags/interview_graphs.py", line 172, in map_category_names
    os.makedirs(os.path.dirname(save_path), exist_ok=True)
  File "<frozen os>", line 225, in makedirs
PermissionError: [Errno 13] Permission denied: '/home/plots'
[2025-07-07T17:20:38.420+0100] {taskinstance.py:1206} INFO - Marking task as FAILED. dag_id=interviewgraphs_process_youtube_data, task_id=map_category_names, run_id=manual__2025-07-07T16:20:22.056499+00:00, execution_date=20250707T162022, start_date=20250707T162037, end_date=20250707T162038
[2025-07-07T17:20:38.431+0100] {standard_task_runner.py:110} ERROR - Failed to execute job 155 for task map_category_names ([Errno 13] Permission denied: '/home/plots'; 22742)
[2025-07-07T17:20:38.461+0100] {local_task_job_runner.py:243} INFO - Task exited with return code 1
[2025-07-07T17:20:38.488+0100] {taskinstance.py:3503} INFO - 0 downstream tasks scheduled from follow-on schedule check
[2025-07-07T17:20:38.492+0100] {local_task_job_runner.py:222} INFO - ::endgroup::
